{"C:\\Users\\ауыцфйыкенш\\Documents\\GitHub\\interra\\server\\src\\broadcast.js": {"path":"C:\\Users\\ауыцфйыкенш\\Documents\\GitHub\\interra\\server\\src\\broadcast.js","statementMap":{"0":{"start":{"line":11,"column":17},"end":{"line":11,"column":37}},"1":{"start":{"line":12,"column":2},"end":{"line":14,"column":3}},"2":{"start":{"line":13,"column":4},"end":{"line":13,"column":88}},"3":{"start":{"line":17,"column":18},"end":{"line":17,"column":64}},"4":{"start":{"line":21,"column":17},"end":{"line":29,"column":4}},"5":{"start":{"line":30,"column":14},"end":{"line":30,"column":36}},"6":{"start":{"line":31,"column":2},"end":{"line":31,"column":20}},"7":{"start":{"line":33,"column":41},"end":{"line":38,"column":4}},"8":{"start":{"line":40,"column":2},"end":{"line":40,"column":57}},"9":{"start":{"line":41,"column":2},"end":{"line":41,"column":67}}},"fnMap":{"0":{"name":"runBroadcast","decl":{"start":{"line":10,"column":22},"end":{"line":10,"column":34}},"loc":{"start":{"line":10,"column":82},"end":{"line":42,"column":1}},"line":10}},"branchMap":{"0":{"loc":{"start":{"line":12,"column":2},"end":{"line":14,"column":3}},"type":"if","locations":[{"start":{"line":12,"column":2},"end":{"line":14,"column":3}},{"start":{},"end":{}}],"line":12},"1":{"loc":{"start":{"line":17,"column":24},"end":{"line":17,"column":34}},"type":"binary-expr","locations":[{"start":{"line":17,"column":24},"end":{"line":17,"column":28}},{"start":{"line":17,"column":32},"end":{"line":17,"column":34}}],"line":17},"2":{"loc":{"start":{"line":17,"column":41},"end":{"line":17,"column":61}},"type":"cond-expr","locations":[{"start":{"line":17,"column":48},"end":{"line":17,"column":56}},{"start":{"line":17,"column":59},"end":{"line":17,"column":61}}],"line":17},"3":{"loc":{"start":{"line":24,"column":28},"end":{"line":24,"column":63}},"type":"cond-expr","locations":[{"start":{"line":24,"column":39},"end":{"line":24,"column":58}},{"start":{"line":24,"column":61},"end":{"line":24,"column":63}}],"line":24},"4":{"loc":{"start":{"line":37,"column":14},"end":{"line":37,"column":35}},"type":"binary-expr","locations":[{"start":{"line":37,"column":14},"end":{"line":37,"column":22}},{"start":{"line":37,"column":26},"end":{"line":37,"column":35}}],"line":37}},"s":{"0":0,"1":0,"2":0,"3":0,"4":0,"5":0,"6":0,"7":0,"8":0,"9":0},"f":{"0":0},"b":{"0":[0,0],"1":[0,0],"2":[0,0],"3":[0,0],"4":[0,0]},"meta":{"lastBranch":5,"lastFunction":1,"lastStatement":10,"seen":{"f:10:22:10:34":0,"s:11:17:11:37":0,"b:12:2:14:3:undefined:undefined:undefined:undefined":0,"s:12:2:14:3":1,"s:13:4:13:88":2,"s:17:18:17:64":3,"b:17:24:17:28:17:32:17:34":1,"b:17:48:17:56:17:59:17:61":2,"s:21:17:29:4":4,"b:24:39:24:58:24:61:24:63":3,"s:30:14:30:36":5,"s:31:2:31:20":6,"s:33:41:38:4":7,"b:37:14:37:22:37:26:37:35":4,"s:40:2:40:57":8,"s:41:2:41:67":9},"fnNames":{}}}
,"C:\\Users\\ауыцфйыкенш\\Documents\\GitHub\\interra\\server\\src\\config.js": {"path":"C:\\Users\\ауыцфйыкенш\\Documents\\GitHub\\interra\\server\\src\\config.js","statementMap":{"0":{"start":{"line":5,"column":18},"end":{"line":5,"column":62}},"1":{"start":{"line":6,"column":19},"end":{"line":6,"column":48}},"2":{"start":{"line":9,"column":16},"end":{"line":9,"column":29}},"3":{"start":{"line":10,"column":2},"end":{"line":10,"column":null}},"4":{"start":{"line":13,"column":22},"end":{"line":21,"column":1}},"5":{"start":{"line":23,"column":0},"end":{"line":28,"column":null}},"6":{"start":{"line":24,"column":2},"end":{"line":27,"column":null}}},"fnMap":{"0":{"name":"resolveFromRoot","decl":{"start":{"line":8,"column":9},"end":{"line":8,"column":24}},"loc":{"start":{"line":8,"column":38},"end":{"line":11,"column":null}},"line":8}},"branchMap":{"0":{"loc":{"start":{"line":9,"column":16},"end":{"line":9,"column":29}},"type":"binary-expr","locations":[{"start":{"line":9,"column":16},"end":{"line":9,"column":17}},{"start":{"line":9,"column":21},"end":{"line":9,"column":29}}],"line":9},"1":{"loc":{"start":{"line":10,"column":9},"end":{"line":10,"column":73}},"type":"cond-expr","locations":[{"start":{"line":10,"column":34},"end":{"line":10,"column":39}},{"start":{"line":10,"column":42},"end":{"line":10,"column":73}}],"line":10},"2":{"loc":{"start":{"line":14,"column":8},"end":{"line":14,"column":40}},"type":"binary-expr","locations":[{"start":{"line":14,"column":8},"end":{"line":14,"column":32}},{"start":{"line":14,"column":36},"end":{"line":14,"column":40}}],"line":14},"3":{"loc":{"start":{"line":15,"column":14},"end":{"line":15,"column":43}},"type":"binary-expr","locations":[{"start":{"line":15,"column":14},"end":{"line":15,"column":37}},{"start":{"line":15,"column":41},"end":{"line":15,"column":43}}],"line":15},"4":{"loc":{"start":{"line":16,"column":10},"end":{"line":16,"column":121}},"type":"cond-expr","locations":[{"start":{"line":16,"column":47},"end":{"line":16,"column":57}},{"start":{"line":16,"column":60},"end":{"line":16,"column":121}}],"line":16},"5":{"loc":{"start":{"line":17,"column":26},"end":{"line":19,"column":8}},"type":"cond-expr","locations":[{"start":{"line":18,"column":6},"end":{"line":18,"column":null}},{"start":{"line":19,"column":6},"end":{"line":19,"column":8}}],"line":17},"6":{"loc":{"start":{"line":23,"column":0},"end":{"line":28,"column":null}},"type":"if","locations":[{"start":{"line":23,"column":0},"end":{"line":28,"column":null}},{"start":{},"end":{}}],"line":23}},"s":{"0":1,"1":1,"2":1,"3":1,"4":1,"5":1,"6":0},"f":{"0":1},"b":{"0":[1,0],"1":[0,1],"2":[1,0],"3":[1,0],"4":[1,0],"5":[1,0],"6":[0,1]},"meta":{"lastBranch":7,"lastFunction":1,"lastStatement":7,"seen":{"s:5:18:5:62":0,"s:6:19:6:48":1,"f:8:9:8:24":0,"s:9:16:9:29":2,"b:9:16:9:17:9:21:9:29":0,"s:10:2:10:Infinity":3,"b:10:34:10:39:10:42:10:73":1,"s:13:22:21:1":4,"b:14:8:14:32:14:36:14:40":2,"b:15:14:15:37:15:41:15:43":3,"b:16:47:16:57:16:60:16:121":4,"b:18:6:18:Infinity:19:6:19:8":5,"b:23:0:28:Infinity:undefined:undefined:undefined:undefined":6,"s:23:0:28:Infinity":5,"s:24:2:27:Infinity":6},"fnNames":{}}}
,"C:\\Users\\ауыцфйыкенш\\Documents\\GitHub\\interra\\server\\src\\db.js": {"path":"C:\\Users\\ауыцфйыкенш\\Documents\\GitHub\\interra\\server\\src\\db.js","statementMap":{"0":{"start":{"line":6,"column":0},"end":{"line":6,"column":63}},"1":{"start":{"line":8,"column":18},"end":{"line":8,"column":45}},"2":{"start":{"line":9,"column":0},"end":{"line":9,"column":32}},"3":{"start":{"line":11,"column":0},"end":{"line":54,"column":3}},"4":{"start":{"line":58,"column":15},"end":{"line":58,"column":83}},"5":{"start":{"line":58,"column":76},"end":{"line":58,"column":82}},"6":{"start":{"line":59,"column":2},"end":{"line":61,"column":3}},"7":{"start":{"line":60,"column":4},"end":{"line":60,"column":82}},"8":{"start":{"line":69,"column":19},"end":{"line":69,"column":81}},"9":{"start":{"line":71,"column":2},"end":{"line":101,"column":3}},"10":{"start":{"line":72,"column":4},"end":{"line":88,"column":7}},"11":{"start":{"line":90,"column":4},"end":{"line":100,"column":7}},"12":{"start":{"line":103,"column":2},"end":{"line":103,"column":72}},"13":{"start":{"line":107,"column":2},"end":{"line":107,"column":70}},"14":{"start":{"line":115,"column":2},"end":{"line":117,"column":3}},"15":{"start":{"line":116,"column":4},"end":{"line":116,"column":77}},"16":{"start":{"line":116,"column":68},"end":{"line":116,"column":75}},"17":{"start":{"line":118,"column":2},"end":{"line":123,"column":3}},"18":{"start":{"line":119,"column":4},"end":{"line":122,"column":27}},"19":{"start":{"line":122,"column":18},"end":{"line":122,"column":25}},"20":{"start":{"line":124,"column":2},"end":{"line":137,"column":3}},"21":{"start":{"line":126,"column":4},"end":{"line":136,"column":27}},"22":{"start":{"line":130,"column":8},"end":{"line":134,"column":9}},"23":{"start":{"line":131,"column":10},"end":{"line":131,"column":63}},"24":{"start":{"line":133,"column":10},"end":{"line":133,"column":23}},"25":{"start":{"line":136,"column":18},"end":{"line":136,"column":25}},"26":{"start":{"line":138,"column":2},"end":{"line":138,"column":12}},"27":{"start":{"line":142,"column":2},"end":{"line":156,"column":7}},"28":{"start":{"line":161,"column":2},"end":{"line":163,"column":41}},"29":{"start":{"line":168,"column":2},"end":{"line":168,"column":84}},"30":{"start":{"line":172,"column":16},"end":{"line":172,"column":71}},"31":{"start":{"line":173,"column":20},"end":{"line":175,"column":12}},"32":{"start":{"line":176,"column":21},"end":{"line":178,"column":10}},"33":{"start":{"line":179,"column":2},"end":{"line":179,"column":42}},"34":{"start":{"line":183,"column":2},"end":{"line":183,"column":84}},"35":{"start":{"line":189,"column":2},"end":{"line":204,"column":7}},"36":{"start":{"line":209,"column":2},"end":{"line":211,"column":11}},"37":{"start":{"line":215,"column":2},"end":{"line":217,"column":13}},"38":{"start":{"line":222,"column":2},"end":{"line":224,"column":17}},"39":{"start":{"line":228,"column":2},"end":{"line":228,"column":92}},"40":{"start":{"line":233,"column":2},"end":{"line":242,"column":11}}},"fnMap":{"0":{"name":"(anonymous_0)","decl":{"start":{"line":58,"column":69},"end":{"line":58,"column":70}},"loc":{"start":{"line":58,"column":76},"end":{"line":58,"column":82}},"line":58},"1":{"name":"upsertDevice","decl":{"start":{"line":68,"column":16},"end":{"line":68,"column":28}},"loc":{"start":{"line":68,"column":92},"end":{"line":104,"column":1}},"line":68},"2":{"name":"deleteDevice","decl":{"start":{"line":106,"column":16},"end":{"line":106,"column":28}},"loc":{"start":{"line":106,"column":36},"end":{"line":108,"column":1}},"line":106},"3":{"name":"selectTokens","decl":{"start":{"line":114,"column":16},"end":{"line":114,"column":28}},"loc":{"start":{"line":114,"column":37},"end":{"line":139,"column":1}},"line":114},"4":{"name":"(anonymous_4)","decl":{"start":{"line":116,"column":61},"end":{"line":116,"column":62}},"loc":{"start":{"line":116,"column":68},"end":{"line":116,"column":75}},"line":116},"5":{"name":"(anonymous_5)","decl":{"start":{"line":122,"column":11},"end":{"line":122,"column":12}},"loc":{"start":{"line":122,"column":18},"end":{"line":122,"column":25}},"line":122},"6":{"name":"(anonymous_6)","decl":{"start":{"line":129,"column":14},"end":{"line":129,"column":15}},"loc":{"start":{"line":129,"column":21},"end":{"line":135,"column":7}},"line":129},"7":{"name":"(anonymous_7)","decl":{"start":{"line":136,"column":11},"end":{"line":136,"column":12}},"loc":{"start":{"line":136,"column":18},"end":{"line":136,"column":25}},"line":136},"8":{"name":"logBroadcast","decl":{"start":{"line":141,"column":16},"end":{"line":141,"column":28}},"loc":{"start":{"line":141,"column":100},"end":{"line":157,"column":1}},"line":141},"9":{"name":"updateBroadcastResult","decl":{"start":{"line":160,"column":16},"end":{"line":160,"column":37}},"loc":{"start":{"line":160,"column":70},"end":{"line":164,"column":1}},"line":160},"10":{"name":"incrementOpens","decl":{"start":{"line":167,"column":16},"end":{"line":167,"column":30}},"loc":{"start":{"line":167,"column":35},"end":{"line":169,"column":1}},"line":167},"11":{"name":"stats","decl":{"start":{"line":171,"column":16},"end":{"line":171,"column":21}},"loc":{"start":{"line":171,"column":24},"end":{"line":180,"column":1}},"line":171},"12":{"name":"recentBroadcasts","decl":{"start":{"line":182,"column":16},"end":{"line":182,"column":32}},"loc":{"start":{"line":182,"column":45},"end":{"line":184,"column":1}},"line":182},"13":{"name":"createScheduled","decl":{"start":{"line":188,"column":16},"end":{"line":188,"column":31}},"loc":{"start":{"line":188,"column":87},"end":{"line":205,"column":1}},"line":188},"14":{"name":"listScheduled","decl":{"start":{"line":208,"column":16},"end":{"line":208,"column":29}},"loc":{"start":{"line":208,"column":32},"end":{"line":212,"column":1}},"line":208},"15":{"name":"cancelScheduled","decl":{"start":{"line":214,"column":16},"end":{"line":214,"column":31}},"loc":{"start":{"line":214,"column":36},"end":{"line":218,"column":1}},"line":214},"16":{"name":"dueScheduled","decl":{"start":{"line":221,"column":16},"end":{"line":221,"column":28}},"loc":{"start":{"line":221,"column":37},"end":{"line":225,"column":1}},"line":221},"17":{"name":"markScheduledSent","decl":{"start":{"line":227,"column":16},"end":{"line":227,"column":33}},"loc":{"start":{"line":227,"column":38},"end":{"line":229,"column":1}},"line":227},"18":{"name":"broadcastStats","decl":{"start":{"line":232,"column":16},"end":{"line":232,"column":30}},"loc":{"start":{"line":232,"column":33},"end":{"line":243,"column":1}},"line":232}},"branchMap":{"0":{"loc":{"start":{"line":59,"column":2},"end":{"line":61,"column":3}},"type":"if","locations":[{"start":{"line":59,"column":2},"end":{"line":61,"column":3}},{"start":{},"end":{}}],"line":59},"1":{"loc":{"start":{"line":71,"column":2},"end":{"line":101,"column":3}},"type":"if","locations":[{"start":{"line":71,"column":2},"end":{"line":101,"column":3}},{"start":{"line":89,"column":9},"end":{"line":101,"column":3}}],"line":71},"2":{"loc":{"start":{"line":83,"column":19},"end":{"line":83,"column":38}},"type":"binary-expr","locations":[{"start":{"line":83,"column":19},"end":{"line":83,"column":30}},{"start":{"line":83,"column":34},"end":{"line":83,"column":38}}],"line":83},"3":{"loc":{"start":{"line":84,"column":16},"end":{"line":84,"column":32}},"type":"binary-expr","locations":[{"start":{"line":84,"column":16},"end":{"line":84,"column":24}},{"start":{"line":84,"column":28},"end":{"line":84,"column":32}}],"line":84},"4":{"loc":{"start":{"line":85,"column":18},"end":{"line":85,"column":36}},"type":"binary-expr","locations":[{"start":{"line":85,"column":18},"end":{"line":85,"column":28}},{"start":{"line":85,"column":32},"end":{"line":85,"column":36}}],"line":85},"5":{"loc":{"start":{"line":86,"column":16},"end":{"line":86,"column":58}},"type":"cond-expr","locations":[{"start":{"line":86,"column":27},"end":{"line":86,"column":51}},{"start":{"line":86,"column":54},"end":{"line":86,"column":58}}],"line":86},"6":{"loc":{"start":{"line":87,"column":13},"end":{"line":87,"column":49}},"type":"cond-expr","locations":[{"start":{"line":87,"column":21},"end":{"line":87,"column":42}},{"start":{"line":87,"column":45},"end":{"line":87,"column":49}}],"line":87},"7":{"loc":{"start":{"line":95,"column":19},"end":{"line":95,"column":38}},"type":"binary-expr","locations":[{"start":{"line":95,"column":19},"end":{"line":95,"column":30}},{"start":{"line":95,"column":34},"end":{"line":95,"column":38}}],"line":95},"8":{"loc":{"start":{"line":96,"column":16},"end":{"line":96,"column":32}},"type":"binary-expr","locations":[{"start":{"line":96,"column":16},"end":{"line":96,"column":24}},{"start":{"line":96,"column":28},"end":{"line":96,"column":32}}],"line":96},"9":{"loc":{"start":{"line":97,"column":18},"end":{"line":97,"column":36}},"type":"binary-expr","locations":[{"start":{"line":97,"column":18},"end":{"line":97,"column":28}},{"start":{"line":97,"column":32},"end":{"line":97,"column":36}}],"line":97},"10":{"loc":{"start":{"line":98,"column":31},"end":{"line":98,"column":45}},"type":"binary-expr","locations":[{"start":{"line":98,"column":31},"end":{"line":98,"column":39}},{"start":{"line":98,"column":43},"end":{"line":98,"column":45}}],"line":98},"11":{"loc":{"start":{"line":99,"column":28},"end":{"line":99,"column":39}},"type":"binary-expr","locations":[{"start":{"line":99,"column":28},"end":{"line":99,"column":33}},{"start":{"line":99,"column":37},"end":{"line":99,"column":39}}],"line":99},"12":{"loc":{"start":{"line":115,"column":2},"end":{"line":117,"column":3}},"type":"if","locations":[{"start":{"line":115,"column":2},"end":{"line":117,"column":3}},{"start":{},"end":{}}],"line":115},"13":{"loc":{"start":{"line":118,"column":2},"end":{"line":123,"column":3}},"type":"if","locations":[{"start":{"line":118,"column":2},"end":{"line":123,"column":3}},{"start":{},"end":{}}],"line":118},"14":{"loc":{"start":{"line":124,"column":2},"end":{"line":137,"column":3}},"type":"if","locations":[{"start":{"line":124,"column":2},"end":{"line":137,"column":3}},{"start":{},"end":{}}],"line":124},"15":{"loc":{"start":{"line":150,"column":27},"end":{"line":150,"column":37}},"type":"binary-expr","locations":[{"start":{"line":150,"column":27},"end":{"line":150,"column":31}},{"start":{"line":150,"column":35},"end":{"line":150,"column":37}}],"line":150},"16":{"loc":{"start":{"line":152,"column":19},"end":{"line":152,"column":39}},"type":"binary-expr","locations":[{"start":{"line":152,"column":19},"end":{"line":152,"column":31}},{"start":{"line":152,"column":35},"end":{"line":152,"column":39}}],"line":152},"17":{"loc":{"start":{"line":182,"column":33},"end":{"line":182,"column":43}},"type":"default-arg","locations":[{"start":{"line":182,"column":41},"end":{"line":182,"column":43}}],"line":182},"18":{"loc":{"start":{"line":198,"column":27},"end":{"line":198,"column":37}},"type":"binary-expr","locations":[{"start":{"line":198,"column":27},"end":{"line":198,"column":31}},{"start":{"line":198,"column":35},"end":{"line":198,"column":37}}],"line":198},"19":{"loc":{"start":{"line":199,"column":16},"end":{"line":199,"column":32}},"type":"binary-expr","locations":[{"start":{"line":199,"column":16},"end":{"line":199,"column":24}},{"start":{"line":199,"column":28},"end":{"line":199,"column":32}}],"line":199},"20":{"loc":{"start":{"line":200,"column":12},"end":{"line":200,"column":24}},"type":"binary-expr","locations":[{"start":{"line":200,"column":12},"end":{"line":200,"column":16}},{"start":{"line":200,"column":20},"end":{"line":200,"column":24}}],"line":200},"21":{"loc":{"start":{"line":202,"column":19},"end":{"line":202,"column":39}},"type":"binary-expr","locations":[{"start":{"line":202,"column":19},"end":{"line":202,"column":31}},{"start":{"line":202,"column":35},"end":{"line":202,"column":39}}],"line":202}},"s":{"0":1,"1":1,"2":1,"3":1,"4":1,"5":10,"6":1,"7":1,"8":7,"9":7,"10":1,"11":6,"12":7,"13":1,"14":4,"15":1,"16":2,"17":3,"18":1,"19":1,"20":2,"21":1,"22":2,"23":2,"24":0,"25":1,"26":1,"27":1,"28":1,"29":1,"30":1,"31":1,"32":1,"33":1,"34":1,"35":2,"36":3,"37":1,"38":4,"39":1,"40":1},"f":{"0":10,"1":7,"2":1,"3":4,"4":2,"5":1,"6":2,"7":1,"8":1,"9":1,"10":1,"11":1,"12":1,"13":2,"14":3,"15":1,"16":4,"17":1,"18":1},"b":{"0":[1,0],"1":[1,6],"2":[1,0],"3":[1,1],"4":[1,1],"5":[0,1],"6":[0,1],"7":[6,2],"8":[6,3],"9":[6,5],"10":[6,3],"11":[6,5],"12":[1,3],"13":[1,2],"14":[1,1],"15":[1,1],"16":[1,1],"17":[1],"18":[2,2],"19":[2,2],"20":[2,2],"21":[2,2]},"meta":{"lastBranch":22,"lastFunction":19,"lastStatement":41,"seen":{"s:6:0:6:63":0,"s:8:18:8:45":1,"s:9:0:9:32":2,"s:11:0:54:3":3,"s:58:15:58:83":4,"f:58:69:58:70":0,"s:58:76:58:82":5,"b:59:2:61:3:undefined:undefined:undefined:undefined":0,"s:59:2:61:3":6,"s:60:4:60:82":7,"f:68:16:68:28":1,"s:69:19:69:81":8,"b:71:2:101:3:89:9:101:3":1,"s:71:2:101:3":9,"s:72:4:88:7":10,"b:83:19:83:30:83:34:83:38":2,"b:84:16:84:24:84:28:84:32":3,"b:85:18:85:28:85:32:85:36":4,"b:86:27:86:51:86:54:86:58":5,"b:87:21:87:42:87:45:87:49":6,"s:90:4:100:7":11,"b:95:19:95:30:95:34:95:38":7,"b:96:16:96:24:96:28:96:32":8,"b:97:18:97:28:97:32:97:36":9,"b:98:31:98:39:98:43:98:45":10,"b:99:28:99:33:99:37:99:39":11,"s:103:2:103:72":12,"f:106:16:106:28":2,"s:107:2:107:70":13,"f:114:16:114:28":3,"b:115:2:117:3:undefined:undefined:undefined:undefined":12,"s:115:2:117:3":14,"s:116:4:116:77":15,"f:116:61:116:62":4,"s:116:68:116:75":16,"b:118:2:123:3:undefined:undefined:undefined:undefined":13,"s:118:2:123:3":17,"s:119:4:122:27":18,"f:122:11:122:12":5,"s:122:18:122:25":19,"b:124:2:137:3:undefined:undefined:undefined:undefined":14,"s:124:2:137:3":20,"s:126:4:136:27":21,"f:129:14:129:15":6,"s:130:8:134:9":22,"s:131:10:131:63":23,"s:133:10:133:23":24,"f:136:11:136:12":7,"s:136:18:136:25":25,"s:138:2:138:12":26,"f:141:16:141:28":8,"s:142:2:156:7":27,"b:150:27:150:31:150:35:150:37":15,"b:152:19:152:31:152:35:152:39":16,"f:160:16:160:37":9,"s:161:2:163:41":28,"f:167:16:167:30":10,"s:168:2:168:84":29,"f:171:16:171:21":11,"s:172:16:172:71":30,"s:173:20:175:12":31,"s:176:21:178:10":32,"s:179:2:179:42":33,"f:182:16:182:32":12,"b:182:41:182:43":17,"s:183:2:183:84":34,"f:188:16:188:31":13,"s:189:2:204:7":35,"b:198:27:198:31:198:35:198:37":18,"b:199:16:199:24:199:28:199:32":19,"b:200:12:200:16:200:20:200:24":20,"b:202:19:202:31:202:35:202:39":21,"f:208:16:208:29":14,"s:209:2:211:11":36,"f:214:16:214:31":15,"s:215:2:217:13":37,"f:221:16:221:28":16,"s:222:2:224:17":38,"f:227:16:227:33":17,"s:228:2:228:92":39,"f:232:16:232:30":18,"s:233:2:242:11":40},"fnNames":{}}}
,"C:\\Users\\ауыцфйыкенш\\Documents\\GitHub\\interra\\server\\src\\fcm.js": {"path":"C:\\Users\\ауыцфйыкенш\\Documents\\GitHub\\interra\\server\\src\\fcm.js","statementMap":{"0":{"start":{"line":6,"column":16},"end":{"line":6,"column":20}},"1":{"start":{"line":7,"column":14},"end":{"line":7,"column":19}},"2":{"start":{"line":9,"column":0},"end":{"line":21,"column":1}},"3":{"start":{"line":10,"column":25},"end":{"line":10,"column":91}},"4":{"start":{"line":11,"column":2},"end":{"line":11,"column":77}},"5":{"start":{"line":12,"column":2},"end":{"line":12,"column":32}},"6":{"start":{"line":13,"column":2},"end":{"line":13,"column":17}},"7":{"start":{"line":14,"column":2},"end":{"line":14,"column":64}},"8":{"start":{"line":16,"column":2},"end":{"line":20,"column":4}},"9":{"start":{"line":23,"column":26},"end":{"line":23,"column":39}},"10":{"start":{"line":23,"column":32},"end":{"line":23,"column":39}},"11":{"start":{"line":30,"column":17},"end":{"line":30,"column":53}},"12":{"start":{"line":31,"column":2},"end":{"line":31,"column":71}},"13":{"start":{"line":31,"column":27},"end":{"line":31,"column":71}},"14":{"start":{"line":34,"column":21},"end":{"line":36,"column":3}},"15":{"start":{"line":35,"column":47},"end":{"line":35,"column":61}},"16":{"start":{"line":38,"column":2},"end":{"line":45,"column":3}},"17":{"start":{"line":39,"column":4},"end":{"line":43,"column":6}},"18":{"start":{"line":44,"column":4},"end":{"line":44,"column":60}},"19":{"start":{"line":47,"column":21},"end":{"line":47,"column":22}},"20":{"start":{"line":48,"column":21},"end":{"line":48,"column":22}},"21":{"start":{"line":51,"column":2},"end":{"line":83,"column":3}},"22":{"start":{"line":51,"column":15},"end":{"line":51,"column":16}},"23":{"start":{"line":52,"column":18},"end":{"line":52,"column":42}},"24":{"start":{"line":53,"column":16},"end":{"line":67,"column":6}},"25":{"start":{"line":68,"column":4},"end":{"line":68,"column":37}},"26":{"start":{"line":69,"column":4},"end":{"line":69,"column":37}},"27":{"start":{"line":71,"column":4},"end":{"line":82,"column":7}},"28":{"start":{"line":72,"column":6},"end":{"line":81,"column":7}},"29":{"start":{"line":73,"column":21},"end":{"line":73,"column":40}},"30":{"start":{"line":74,"column":8},"end":{"line":80,"column":9}},"31":{"start":{"line":79,"column":10},"end":{"line":79,"column":35}},"32":{"start":{"line":85,"column":2},"end":{"line":85,"column":40}}},"fnMap":{"0":{"name":"(anonymous_0)","decl":{"start":{"line":23,"column":26},"end":{"line":23,"column":27}},"loc":{"start":{"line":23,"column":32},"end":{"line":23,"column":39}},"line":23},"1":{"name":"sendToTokens","decl":{"start":{"line":29,"column":22},"end":{"line":29,"column":34}},"loc":{"start":{"line":29,"column":76},"end":{"line":86,"column":1}},"line":29},"2":{"name":"(anonymous_2)","decl":{"start":{"line":35,"column":35},"end":{"line":35,"column":36}},"loc":{"start":{"line":35,"column":47},"end":{"line":35,"column":61}},"line":35},"3":{"name":"(anonymous_3)","decl":{"start":{"line":71,"column":26},"end":{"line":71,"column":27}},"loc":{"start":{"line":71,"column":38},"end":{"line":82,"column":5}},"line":71}},"branchMap":{"0":{"loc":{"start":{"line":9,"column":0},"end":{"line":21,"column":1}},"type":"if","locations":[{"start":{"line":9,"column":0},"end":{"line":21,"column":1}},{"start":{"line":15,"column":7},"end":{"line":21,"column":1}}],"line":9},"1":{"loc":{"start":{"line":9,"column":4},"end":{"line":9,"column":81}},"type":"binary-expr","locations":[{"start":{"line":9,"column":4},"end":{"line":9,"column":33}},{"start":{"line":9,"column":37},"end":{"line":9,"column":81}}],"line":9},"2":{"loc":{"start":{"line":18,"column":7},"end":{"line":18,"column":75}},"type":"binary-expr","locations":[{"start":{"line":18,"column":7},"end":{"line":18,"column":36}},{"start":{"line":18,"column":40},"end":{"line":18,"column":75}}],"line":18},"3":{"loc":{"start":{"line":31,"column":2},"end":{"line":31,"column":71}},"type":"if","locations":[{"start":{"line":31,"column":2},"end":{"line":31,"column":71}},{"start":{},"end":{}}],"line":31},"4":{"loc":{"start":{"line":35,"column":19},"end":{"line":35,"column":29}},"type":"binary-expr","locations":[{"start":{"line":35,"column":19},"end":{"line":35,"column":23}},{"start":{"line":35,"column":27},"end":{"line":35,"column":29}}],"line":35},"5":{"loc":{"start":{"line":38,"column":2},"end":{"line":45,"column":3}},"type":"if","locations":[{"start":{"line":38,"column":2},"end":{"line":45,"column":3}},{"start":{},"end":{}}],"line":38},"6":{"loc":{"start":{"line":41,"column":9},"end":{"line":41,"column":45}},"type":"cond-expr","locations":[{"start":{"line":41,"column":20},"end":{"line":41,"column":40}},{"start":{"line":41,"column":43},"end":{"line":41,"column":45}}],"line":41},"7":{"loc":{"start":{"line":57,"column":20},"end":{"line":57,"column":74}},"type":"cond-expr","locations":[{"start":{"line":57,"column":31},"end":{"line":57,"column":56}},{"start":{"line":57,"column":59},"end":{"line":57,"column":74}}],"line":57},"8":{"loc":{"start":{"line":61,"column":22},"end":{"line":61,"column":86}},"type":"cond-expr","locations":[{"start":{"line":61,"column":33},"end":{"line":61,"column":63}},{"start":{"line":61,"column":66},"end":{"line":61,"column":86}}],"line":61},"9":{"loc":{"start":{"line":64,"column":48},"end":{"line":64,"column":88}},"type":"cond-expr","locations":[{"start":{"line":64,"column":59},"end":{"line":64,"column":83}},{"start":{"line":64,"column":86},"end":{"line":64,"column":88}}],"line":64},"10":{"loc":{"start":{"line":65,"column":12},"end":{"line":65,"column":56}},"type":"cond-expr","locations":[{"start":{"line":65,"column":23},"end":{"line":65,"column":51}},{"start":{"line":65,"column":54},"end":{"line":65,"column":56}}],"line":65},"11":{"loc":{"start":{"line":72,"column":6},"end":{"line":81,"column":7}},"type":"if","locations":[{"start":{"line":72,"column":6},"end":{"line":81,"column":7}},{"start":{},"end":{}}],"line":72},"12":{"loc":{"start":{"line":73,"column":21},"end":{"line":73,"column":40}},"type":"binary-expr","locations":[{"start":{"line":73,"column":21},"end":{"line":73,"column":34}},{"start":{"line":73,"column":38},"end":{"line":73,"column":40}}],"line":73},"13":{"loc":{"start":{"line":74,"column":8},"end":{"line":80,"column":9}},"type":"if","locations":[{"start":{"line":74,"column":8},"end":{"line":80,"column":9}},{"start":{},"end":{}}],"line":74},"14":{"loc":{"start":{"line":75,"column":10},"end":{"line":77,"column":47}},"type":"binary-expr","locations":[{"start":{"line":75,"column":10},"end":{"line":75,"column":64}},{"start":{"line":76,"column":10},"end":{"line":76,"column":57}},{"start":{"line":77,"column":10},"end":{"line":77,"column":47}}],"line":75}},"s":{"0":0,"1":0,"2":0,"3":0,"4":0,"5":0,"6":0,"7":0,"8":0,"9":0,"10":0,"11":0,"12":0,"13":0,"14":0,"15":0,"16":0,"17":0,"18":0,"19":0,"20":0,"21":0,"22":0,"23":0,"24":0,"25":0,"26":0,"27":0,"28":0,"29":0,"30":0,"31":0,"32":0},"f":{"0":0,"1":0,"2":0,"3":0},"b":{"0":[0,0],"1":[0,0],"2":[0,0],"3":[0,0],"4":[0,0],"5":[0,0],"6":[0,0],"7":[0,0],"8":[0,0],"9":[0,0],"10":[0,0],"11":[0,0],"12":[0,0],"13":[0,0],"14":[0,0,0]},"meta":{"lastBranch":15,"lastFunction":4,"lastStatement":33,"seen":{"s:6:16:6:20":0,"s:7:14:7:19":1,"b:9:0:21:1:15:7:21:1":0,"s:9:0:21:1":2,"b:9:4:9:33:9:37:9:81":1,"s:10:25:10:91":3,"s:11:2:11:77":4,"s:12:2:12:32":5,"s:13:2:13:17":6,"s:14:2:14:64":7,"s:16:2:20:4":8,"b:18:7:18:36:18:40:18:75":2,"s:23:26:23:39":9,"f:23:26:23:27":0,"s:23:32:23:39":10,"f:29:22:29:34":1,"s:30:17:30:53":11,"b:31:2:31:71:undefined:undefined:undefined:undefined":3,"s:31:2:31:71":12,"s:31:27:31:71":13,"s:34:21:36:3":14,"b:35:19:35:23:35:27:35:29":4,"f:35:35:35:36":2,"s:35:47:35:61":15,"b:38:2:45:3:undefined:undefined:undefined:undefined":5,"s:38:2:45:3":16,"s:39:4:43:6":17,"b:41:20:41:40:41:43:41:45":6,"s:44:4:44:60":18,"s:47:21:47:22":19,"s:48:21:48:22":20,"s:51:2:83:3":21,"s:51:15:51:16":22,"s:52:18:52:42":23,"s:53:16:67:6":24,"b:57:31:57:56:57:59:57:74":7,"b:61:33:61:63:61:66:61:86":8,"b:64:59:64:83:64:86:64:88":9,"b:65:23:65:51:65:54:65:56":10,"s:68:4:68:37":25,"s:69:4:69:37":26,"s:71:4:82:7":27,"f:71:26:71:27":3,"b:72:6:81:7:undefined:undefined:undefined:undefined":11,"s:72:6:81:7":28,"s:73:21:73:40":29,"b:73:21:73:34:73:38:73:40":12,"b:74:8:80:9:undefined:undefined:undefined:undefined":13,"s:74:8:80:9":30,"b:75:10:75:64:76:10:76:57:77:10:77:47":14,"s:79:10:79:35":31,"s:85:2:85:40":32},"fnNames":{}}}
,"C:\\Users\\ауыцфйыкенш\\Documents\\GitHub\\interra\\server\\src\\index.js": {"path":"C:\\Users\\ауыцфйыкенш\\Documents\\GitHub\\interra\\server\\src\\index.js","statementMap":{"0":{"start":{"line":10,"column":12},"end":{"line":10,"column":21}},"1":{"start":{"line":13,"column":0},"end":{"line":13,"column":26}},"2":{"start":{"line":14,"column":0},"end":{"line":14,"column":41}},"3":{"start":{"line":17,"column":0},"end":{"line":17,"column":64}},"4":{"start":{"line":19,"column":0},"end":{"line":19,"column":57}},"5":{"start":{"line":19,"column":33},"end":{"line":19,"column":55}},"6":{"start":{"line":21,"column":0},"end":{"line":21,"column":39}},"7":{"start":{"line":22,"column":0},"end":{"line":22,"column":35}},"8":{"start":{"line":23,"column":0},"end":{"line":23,"column":37}},"9":{"start":{"line":25,"column":0},"end":{"line":28,"column":3}},"10":{"start":{"line":26,"column":2},"end":{"line":26,"column":32}},"11":{"start":{"line":27,"column":2},"end":{"line":27,"column":52}},"12":{"start":{"line":30,"column":0},"end":{"line":34,"column":3}},"13":{"start":{"line":31,"column":2},"end":{"line":31,"column":85}},"14":{"start":{"line":32,"column":2},"end":{"line":32,"column":73}},"15":{"start":{"line":33,"column":2},"end":{"line":33,"column":19}}},"fnMap":{"0":{"name":"(anonymous_0)","decl":{"start":{"line":19,"column":19},"end":{"line":19,"column":20}},"loc":{"start":{"line":19,"column":33},"end":{"line":19,"column":55}},"line":19},"1":{"name":"(anonymous_1)","decl":{"start":{"line":25,"column":8},"end":{"line":25,"column":9}},"loc":{"start":{"line":25,"column":33},"end":{"line":28,"column":1}},"line":25},"2":{"name":"(anonymous_2)","decl":{"start":{"line":30,"column":24},"end":{"line":30,"column":25}},"loc":{"start":{"line":30,"column":30},"end":{"line":34,"column":1}},"line":30}},"branchMap":{},"s":{"0":0,"1":0,"2":0,"3":0,"4":0,"5":0,"6":0,"7":0,"8":0,"9":0,"10":0,"11":0,"12":0,"13":0,"14":0,"15":0},"f":{"0":0,"1":0,"2":0},"b":{},"meta":{"lastBranch":0,"lastFunction":3,"lastStatement":16,"seen":{"s:10:12:10:21":0,"s:13:0:13:26":1,"s:14:0:14:41":2,"s:17:0:17:64":3,"s:19:0:19:57":4,"f:19:19:19:20":0,"s:19:33:19:55":5,"s:21:0:21:39":6,"s:22:0:22:35":7,"s:23:0:23:37":8,"s:25:0:28:3":9,"f:25:8:25:9":1,"s:26:2:26:32":10,"s:27:2:27:52":11,"s:30:0:34:3":12,"f:30:24:30:25":2,"s:31:2:31:85":13,"s:32:2:32:73":14,"s:33:2:33:19":15},"fnNames":{}}}
,"C:\\Users\\ауыцфйыкенш\\Documents\\GitHub\\interra\\server\\src\\scheduler.js": {"path":"C:\\Users\\ауыцфйыкенш\\Documents\\GitHub\\interra\\server\\src\\scheduler.js","statementMap":{"0":{"start":{"line":4,"column":16},"end":{"line":4,"column":63}},"1":{"start":{"line":8,"column":2},"end":{"line":13,"column":3}},"2":{"start":{"line":9,"column":4},"end":{"line":9,"column":49}},"3":{"start":{"line":11,"column":4},"end":{"line":11,"column":67}},"4":{"start":{"line":12,"column":4},"end":{"line":12,"column":11}},"5":{"start":{"line":14,"column":2},"end":{"line":33,"column":3}},"6":{"start":{"line":16,"column":4},"end":{"line":16,"column":30}},"7":{"start":{"line":17,"column":4},"end":{"line":32,"column":5}},"8":{"start":{"line":18,"column":19},"end":{"line":18,"column":47}},"9":{"start":{"line":19,"column":16},"end":{"line":26,"column":8}},"10":{"start":{"line":27,"column":6},"end":{"line":29,"column":8}},"11":{"start":{"line":31,"column":6},"end":{"line":31,"column":66}},"12":{"start":{"line":38,"column":2},"end":{"line":38,"column":9}},"13":{"start":{"line":39,"column":16},"end":{"line":39,"column":42}},"14":{"start":{"line":40,"column":2},"end":{"line":40,"column":18}}},"fnMap":{"0":{"name":"tick","decl":{"start":{"line":6,"column":15},"end":{"line":6,"column":19}},"loc":{"start":{"line":6,"column":22},"end":{"line":34,"column":1}},"line":6},"1":{"name":"startScheduler","decl":{"start":{"line":37,"column":16},"end":{"line":37,"column":30}},"loc":{"start":{"line":37,"column":33},"end":{"line":41,"column":1}},"line":37}},"branchMap":{"0":{"loc":{"start":{"line":4,"column":16},"end":{"line":4,"column":63}},"type":"binary-expr","locations":[{"start":{"line":4,"column":16},"end":{"line":4,"column":53}},{"start":{"line":4,"column":57},"end":{"line":4,"column":63}}],"line":4},"1":{"loc":{"start":{"line":18,"column":30},"end":{"line":18,"column":46}},"type":"binary-expr","locations":[{"start":{"line":18,"column":30},"end":{"line":18,"column":38}},{"start":{"line":18,"column":42},"end":{"line":18,"column":46}}],"line":18},"2":{"loc":{"start":{"line":23,"column":18},"end":{"line":23,"column":44}},"type":"binary-expr","locations":[{"start":{"line":23,"column":18},"end":{"line":23,"column":31}},{"start":{"line":23,"column":35},"end":{"line":23,"column":44}}],"line":23},"3":{"loc":{"start":{"line":24,"column":14},"end":{"line":24,"column":35}},"type":"binary-expr","locations":[{"start":{"line":24,"column":14},"end":{"line":24,"column":22}},{"start":{"line":24,"column":26},"end":{"line":24,"column":35}}],"line":24},"4":{"loc":{"start":{"line":25,"column":48},"end":{"line":25,"column":77}},"type":"binary-expr","locations":[{"start":{"line":25,"column":48},"end":{"line":25,"column":64}},{"start":{"line":25,"column":68},"end":{"line":25,"column":77}}],"line":25}},"s":{"0":0,"1":0,"2":0,"3":0,"4":0,"5":0,"6":0,"7":0,"8":0,"9":0,"10":0,"11":0,"12":0,"13":0,"14":0},"f":{"0":0,"1":0},"b":{"0":[0,0],"1":[0,0],"2":[0,0],"3":[0,0],"4":[0,0]},"meta":{"lastBranch":5,"lastFunction":2,"lastStatement":15,"seen":{"s:4:16:4:63":0,"b:4:16:4:53:4:57:4:63":0,"f:6:15:6:19":0,"s:8:2:13:3":1,"s:9:4:9:49":2,"s:11:4:11:67":3,"s:12:4:12:11":4,"s:14:2:33:3":5,"s:16:4:16:30":6,"s:17:4:32:5":7,"s:18:19:18:47":8,"b:18:30:18:38:18:42:18:46":1,"s:19:16:26:8":9,"b:23:18:23:31:23:35:23:44":2,"b:24:14:24:22:24:26:24:35":3,"b:25:48:25:64:25:68:25:77":4,"s:27:6:29:8":10,"s:31:6:31:66":11,"f:37:16:37:30":1,"s:38:2:38:9":12,"s:39:16:39:42":13,"s:40:2:40:18":14},"fnNames":{}}}
,"C:\\Users\\ауыцфйыкенш\\Documents\\GitHub\\interra\\server\\src\\middleware\\auth.js": {"path":"C:\\Users\\ауыцфйыкенш\\Documents\\GitHub\\interra\\server\\src\\middleware\\auth.js","statementMap":{"0":{"start":{"line":6,"column":12},"end":{"line":6,"column":66}},"1":{"start":{"line":6,"column":19},"end":{"line":6,"column":66}},"2":{"start":{"line":13,"column":2},"end":{"line":15,"column":3}},"3":{"start":{"line":14,"column":4},"end":{"line":14,"column":81}},"4":{"start":{"line":16,"column":17},"end":{"line":16,"column":47}},"5":{"start":{"line":17,"column":16},"end":{"line":17,"column":71}},"6":{"start":{"line":18,"column":2},"end":{"line":20,"column":3}},"7":{"start":{"line":19,"column":4},"end":{"line":19,"column":67}},"8":{"start":{"line":21,"column":2},"end":{"line":21,"column":9}}},"fnMap":{"0":{"name":"(anonymous_0)","decl":{"start":{"line":6,"column":12},"end":{"line":6,"column":13}},"loc":{"start":{"line":6,"column":19},"end":{"line":6,"column":66}},"line":6},"1":{"name":"requireAdmin","decl":{"start":{"line":12,"column":16},"end":{"line":12,"column":28}},"loc":{"start":{"line":12,"column":45},"end":{"line":22,"column":1}},"line":12}},"branchMap":{"0":{"loc":{"start":{"line":13,"column":2},"end":{"line":15,"column":3}},"type":"if","locations":[{"start":{"line":13,"column":2},"end":{"line":15,"column":3}},{"start":{},"end":{}}],"line":13},"1":{"loc":{"start":{"line":16,"column":17},"end":{"line":16,"column":47}},"type":"binary-expr","locations":[{"start":{"line":16,"column":17},"end":{"line":16,"column":41}},{"start":{"line":16,"column":45},"end":{"line":16,"column":47}}],"line":16},"2":{"loc":{"start":{"line":17,"column":16},"end":{"line":17,"column":71}},"type":"cond-expr","locations":[{"start":{"line":17,"column":47},"end":{"line":17,"column":62}},{"start":{"line":17,"column":65},"end":{"line":17,"column":71}}],"line":17},"3":{"loc":{"start":{"line":18,"column":2},"end":{"line":20,"column":3}},"type":"if","locations":[{"start":{"line":18,"column":2},"end":{"line":20,"column":3}},{"start":{},"end":{}}],"line":18}},"s":{"0":0,"1":0,"2":0,"3":0,"4":0,"5":0,"6":0,"7":0,"8":0},"f":{"0":0,"1":0},"b":{"0":[0,0],"1":[0,0],"2":[0,0],"3":[0,0]},"meta":{"lastBranch":4,"lastFunction":2,"lastStatement":9,"seen":{"s:6:12:6:66":0,"f:6:12:6:13":0,"s:6:19:6:66":1,"f:12:16:12:28":1,"b:13:2:15:3:undefined:undefined:undefined:undefined":0,"s:13:2:15:3":2,"s:14:4:14:81":3,"s:16:17:16:47":4,"b:16:17:16:41:16:45:16:47":1,"s:17:16:17:71":5,"b:17:47:17:62:17:65:17:71":2,"b:18:2:20:3:undefined:undefined:undefined:undefined":3,"s:18:2:20:3":6,"s:19:4:19:67":7,"s:21:2:21:9":8},"fnNames":{}}}
,"C:\\Users\\ауыцфйыкенш\\Documents\\GitHub\\interra\\server\\src\\routes\\admin.js": {"path":"C:\\Users\\ауыцфйыкенш\\Documents\\GitHub\\interra\\server\\src\\routes\\admin.js","statementMap":{"0":{"start":{"line":7,"column":27},"end":{"line":7,"column":35}},"1":{"start":{"line":8,"column":0},"end":{"line":8,"column":30}},"2":{"start":{"line":11,"column":0},"end":{"line":18,"column":3}},"3":{"start":{"line":12,"column":2},"end":{"line":17,"column":5}},"4":{"start":{"line":22,"column":2},"end":{"line":22,"column":57}},"5":{"start":{"line":22,"column":23},"end":{"line":22,"column":57}},"6":{"start":{"line":23,"column":2},"end":{"line":25,"column":3}},"7":{"start":{"line":24,"column":4},"end":{"line":24,"column":66}},"8":{"start":{"line":26,"column":2},"end":{"line":28,"column":3}},"9":{"start":{"line":27,"column":4},"end":{"line":27,"column":50}},"10":{"start":{"line":29,"column":2},"end":{"line":33,"column":3}},"11":{"start":{"line":30,"column":4},"end":{"line":32,"column":5}},"12":{"start":{"line":31,"column":6},"end":{"line":31,"column":49}},"13":{"start":{"line":34,"column":2},"end":{"line":34,"column":14}},"14":{"start":{"line":48,"column":0},"end":{"line":70,"column":3}},"15":{"start":{"line":49,"column":64},"end":{"line":49,"column":78}},"16":{"start":{"line":51,"column":14},"end":{"line":51,"column":72}},"17":{"start":{"line":52,"column":2},"end":{"line":52,"column":55}},"18":{"start":{"line":52,"column":11},"end":{"line":52,"column":55}},"19":{"start":{"line":55,"column":2},"end":{"line":65,"column":3}},"20":{"start":{"line":56,"column":17},"end":{"line":56,"column":33}},"21":{"start":{"line":57,"column":4},"end":{"line":59,"column":5}},"22":{"start":{"line":58,"column":6},"end":{"line":58,"column":81}},"23":{"start":{"line":60,"column":4},"end":{"line":62,"column":5}},"24":{"start":{"line":61,"column":6},"end":{"line":61,"column":77}},"25":{"start":{"line":63,"column":14},"end":{"line":63,"column":104}},"26":{"start":{"line":64,"column":4},"end":{"line":64,"column":102}},"27":{"start":{"line":68,"column":17},"end":{"line":68,"column":82}},"28":{"start":{"line":69,"column":2},"end":{"line":69,"column":36}},"29":{"start":{"line":73,"column":0},"end":{"line":75,"column":3}},"30":{"start":{"line":74,"column":2},"end":{"line":74,"column":43}},"31":{"start":{"line":78,"column":0},"end":{"line":81,"column":3}},"32":{"start":{"line":79,"column":12},"end":{"line":79,"column":50}},"33":{"start":{"line":80,"column":2},"end":{"line":80,"column":46}}},"fnMap":{"0":{"name":"(anonymous_0)","decl":{"start":{"line":11,"column":26},"end":{"line":11,"column":27}},"loc":{"start":{"line":11,"column":40},"end":{"line":18,"column":1}},"line":11},"1":{"name":"validateBroadcast","decl":{"start":{"line":21,"column":9},"end":{"line":21,"column":26}},"loc":{"start":{"line":21,"column":68},"end":{"line":35,"column":1}},"line":21},"2":{"name":"(anonymous_2)","decl":{"start":{"line":48,"column":31},"end":{"line":48,"column":36}},"loc":{"start":{"line":48,"column":51},"end":{"line":70,"column":1}},"line":48},"3":{"name":"(anonymous_3)","decl":{"start":{"line":73,"column":30},"end":{"line":73,"column":31}},"loc":{"start":{"line":73,"column":44},"end":{"line":75,"column":1}},"line":73},"4":{"name":"(anonymous_4)","decl":{"start":{"line":78,"column":42},"end":{"line":78,"column":43}},"loc":{"start":{"line":78,"column":56},"end":{"line":81,"column":1}},"line":78}},"branchMap":{"0":{"loc":{"start":{"line":22,"column":2},"end":{"line":22,"column":57}},"type":"if","locations":[{"start":{"line":22,"column":2},"end":{"line":22,"column":57}},{"start":{},"end":{}}],"line":22},"1":{"loc":{"start":{"line":22,"column":6},"end":{"line":22,"column":21}},"type":"binary-expr","locations":[{"start":{"line":22,"column":6},"end":{"line":22,"column":12}},{"start":{"line":22,"column":16},"end":{"line":22,"column":21}}],"line":22},"2":{"loc":{"start":{"line":23,"column":2},"end":{"line":25,"column":3}},"type":"if","locations":[{"start":{"line":23,"column":2},"end":{"line":25,"column":3}},{"start":{},"end":{}}],"line":23},"3":{"loc":{"start":{"line":23,"column":6},"end":{"line":23,"column":67}},"type":"binary-expr","locations":[{"start":{"line":23,"column":6},"end":{"line":23,"column":13}},{"start":{"line":23,"column":17},"end":{"line":23,"column":67}}],"line":23},"4":{"loc":{"start":{"line":26,"column":2},"end":{"line":28,"column":3}},"type":"if","locations":[{"start":{"line":26,"column":2},"end":{"line":28,"column":3}},{"start":{},"end":{}}],"line":26},"5":{"loc":{"start":{"line":26,"column":6},"end":{"line":26,"column":77}},"type":"binary-expr","locations":[{"start":{"line":26,"column":7},"end":{"line":26,"column":32}},{"start":{"line":26,"column":36},"end":{"line":26,"column":59}},{"start":{"line":26,"column":64},"end":{"line":26,"column":77}}],"line":26},"6":{"loc":{"start":{"line":30,"column":4},"end":{"line":32,"column":5}},"type":"if","locations":[{"start":{"line":30,"column":4},"end":{"line":32,"column":5}},{"start":{},"end":{}}],"line":30},"7":{"loc":{"start":{"line":30,"column":8},"end":{"line":30,"column":91}},"type":"binary-expr","locations":[{"start":{"line":30,"column":8},"end":{"line":30,"column":19}},{"start":{"line":30,"column":23},"end":{"line":30,"column":33}},{"start":{"line":30,"column":38},"end":{"line":30,"column":61}},{"start":{"line":30,"column":65},"end":{"line":30,"column":90}}],"line":30},"8":{"loc":{"start":{"line":49,"column":64},"end":{"line":49,"column":78}},"type":"binary-expr","locations":[{"start":{"line":49,"column":64},"end":{"line":49,"column":72}},{"start":{"line":49,"column":76},"end":{"line":49,"column":78}}],"line":49},"9":{"loc":{"start":{"line":52,"column":2},"end":{"line":52,"column":55}},"type":"if","locations":[{"start":{"line":52,"column":2},"end":{"line":52,"column":55}},{"start":{},"end":{}}],"line":52},"10":{"loc":{"start":{"line":55,"column":2},"end":{"line":65,"column":3}},"type":"if","locations":[{"start":{"line":55,"column":2},"end":{"line":65,"column":3}},{"start":{},"end":{}}],"line":55},"11":{"loc":{"start":{"line":55,"column":6},"end":{"line":55,"column":37}},"type":"binary-expr","locations":[{"start":{"line":55,"column":6},"end":{"line":55,"column":20}},{"start":{"line":55,"column":24},"end":{"line":55,"column":37}}],"line":55},"12":{"loc":{"start":{"line":57,"column":4},"end":{"line":59,"column":5}},"type":"if","locations":[{"start":{"line":57,"column":4},"end":{"line":59,"column":5}},{"start":{},"end":{}}],"line":57},"13":{"loc":{"start":{"line":60,"column":4},"end":{"line":62,"column":5}},"type":"if","locations":[{"start":{"line":60,"column":4},"end":{"line":62,"column":5}},{"start":{},"end":{}}],"line":60}},"s":{"0":0,"1":0,"2":0,"3":0,"4":0,"5":0,"6":0,"7":0,"8":0,"9":0,"10":0,"11":0,"12":0,"13":0,"14":0,"15":0,"16":0,"17":0,"18":0,"19":0,"20":0,"21":0,"22":0,"23":0,"24":0,"25":0,"26":0,"27":0,"28":0,"29":0,"30":0,"31":0,"32":0,"33":0},"f":{"0":0,"1":0,"2":0,"3":0,"4":0},"b":{"0":[0,0],"1":[0,0],"2":[0,0],"3":[0,0],"4":[0,0],"5":[0,0,0],"6":[0,0],"7":[0,0,0,0],"8":[0,0],"9":[0,0],"10":[0,0],"11":[0,0],"12":[0,0],"13":[0,0]},"meta":{"lastBranch":14,"lastFunction":5,"lastStatement":34,"seen":{"s:7:27:7:35":0,"s:8:0:8:30":1,"s:11:0:18:3":2,"f:11:26:11:27":0,"s:12:2:17:5":3,"f:21:9:21:26":1,"b:22:2:22:57:undefined:undefined:undefined:undefined":0,"s:22:2:22:57":4,"b:22:6:22:12:22:16:22:21":1,"s:22:23:22:57":5,"b:23:2:25:3:undefined:undefined:undefined:undefined":2,"s:23:2:25:3":6,"b:23:6:23:13:23:17:23:67":3,"s:24:4:24:66":7,"b:26:2:28:3:undefined:undefined:undefined:undefined":4,"s:26:2:28:3":8,"b:26:7:26:32:26:36:26:59:26:64:26:77":5,"s:27:4:27:50":9,"s:29:2:33:3":10,"b:30:4:32:5:undefined:undefined:undefined:undefined":6,"s:30:4:32:5":11,"b:30:8:30:19:30:23:30:33:30:38:30:61:30:65:30:90":7,"s:31:6:31:49":12,"s:34:2:34:14":13,"s:48:0:70:3":14,"f:48:31:48:36":2,"s:49:64:49:78":15,"b:49:64:49:72:49:76:49:78":8,"s:51:14:51:72":16,"b:52:2:52:55:undefined:undefined:undefined:undefined":9,"s:52:2:52:55":17,"s:52:11:52:55":18,"b:55:2:65:3:undefined:undefined:undefined:undefined":10,"s:55:2:65:3":19,"b:55:6:55:20:55:24:55:37":11,"s:56:17:56:33":20,"b:57:4:59:5:undefined:undefined:undefined:undefined":12,"s:57:4:59:5":21,"s:58:6:58:81":22,"b:60:4:62:5:undefined:undefined:undefined:undefined":13,"s:60:4:62:5":23,"s:61:6:61:77":24,"s:63:14:63:104":25,"s:64:4:64:102":26,"s:68:17:68:82":27,"s:69:2:69:36":28,"s:73:0:75:3":29,"f:73:30:73:31":3,"s:74:2:74:43":30,"s:78:0:81:3":31,"f:78:42:78:43":4,"s:79:12:79:50":32,"s:80:2:80:46":33},"fnNames":{}}}
,"C:\\Users\\ауыцфйыкенш\\Documents\\GitHub\\interra\\server\\src\\routes\\devices.js": {"path":"C:\\Users\\ауыцфйыкенш\\Documents\\GitHub\\interra\\server\\src\\routes\\devices.js","statementMap":{"0":{"start":{"line":4,"column":29},"end":{"line":4,"column":37}},"1":{"start":{"line":8,"column":17},"end":{"line":8,"column":19}},"2":{"start":{"line":9,"column":23},"end":{"line":9,"column":29}},"3":{"start":{"line":10,"column":13},"end":{"line":10,"column":22}},"4":{"start":{"line":13,"column":13},"end":{"line":13,"column":61}},"5":{"start":{"line":14,"column":14},"end":{"line":14,"column":24}},"6":{"start":{"line":15,"column":14},"end":{"line":15,"column":26}},"7":{"start":{"line":16,"column":2},"end":{"line":19,"column":3}},"8":{"start":{"line":17,"column":4},"end":{"line":17,"column":62}},"9":{"start":{"line":18,"column":4},"end":{"line":18,"column":18}},"10":{"start":{"line":20,"column":2},"end":{"line":22,"column":3}},"11":{"start":{"line":21,"column":4},"end":{"line":21,"column":87}},"12":{"start":{"line":23,"column":2},"end":{"line":23,"column":14}},"13":{"start":{"line":24,"column":2},"end":{"line":24,"column":9}},"14":{"start":{"line":28,"column":0},"end":{"line":31,"column":29}},"15":{"start":{"line":29,"column":14},"end":{"line":29,"column":24}},"16":{"start":{"line":30,"column":2},"end":{"line":30,"column":71}},"17":{"start":{"line":30,"column":32},"end":{"line":30,"column":71}},"18":{"start":{"line":30,"column":55},"end":{"line":30,"column":71}},"19":{"start":{"line":38,"column":0},"end":{"line":49,"column":3}},"20":{"start":{"line":39,"column":72},"end":{"line":39,"column":86}},"21":{"start":{"line":40,"column":2},"end":{"line":42,"column":3}},"22":{"start":{"line":41,"column":4},"end":{"line":41,"column":63}},"23":{"start":{"line":43,"column":2},"end":{"line":45,"column":3}},"24":{"start":{"line":44,"column":4},"end":{"line":44,"column":76}},"25":{"start":{"line":47,"column":17},"end":{"line":47,"column":92}},"26":{"start":{"line":48,"column":2},"end":{"line":48,"column":46}},"27":{"start":{"line":56,"column":0},"end":{"line":61,"column":3}},"28":{"start":{"line":57,"column":20},"end":{"line":57,"column":34}},"29":{"start":{"line":58,"column":2},"end":{"line":58,"column":73}},"30":{"start":{"line":58,"column":14},"end":{"line":58,"column":73}},"31":{"start":{"line":59,"column":2},"end":{"line":59,"column":22}},"32":{"start":{"line":60,"column":2},"end":{"line":60,"column":25}}},"fnMap":{"0":{"name":"rateLimit","decl":{"start":{"line":12,"column":9},"end":{"line":12,"column":18}},"loc":{"start":{"line":12,"column":35},"end":{"line":25,"column":1}},"line":12},"1":{"name":"(anonymous_1)","decl":{"start":{"line":28,"column":12},"end":{"line":28,"column":13}},"loc":{"start":{"line":28,"column":18},"end":{"line":31,"column":1}},"line":28},"2":{"name":"(anonymous_2)","decl":{"start":{"line":38,"column":43},"end":{"line":38,"column":44}},"loc":{"start":{"line":38,"column":57},"end":{"line":49,"column":1}},"line":38},"3":{"name":"(anonymous_3)","decl":{"start":{"line":56,"column":34},"end":{"line":56,"column":35}},"loc":{"start":{"line":56,"column":48},"end":{"line":61,"column":1}},"line":56}},"branchMap":{"0":{"loc":{"start":{"line":13,"column":13},"end":{"line":13,"column":61}},"type":"binary-expr","locations":[{"start":{"line":13,"column":13},"end":{"line":13,"column":19}},{"start":{"line":13,"column":23},"end":{"line":13,"column":48}},{"start":{"line":13,"column":52},"end":{"line":13,"column":61}}],"line":13},"1":{"loc":{"start":{"line":16,"column":2},"end":{"line":19,"column":3}},"type":"if","locations":[{"start":{"line":16,"column":2},"end":{"line":19,"column":3}},{"start":{},"end":{}}],"line":16},"2":{"loc":{"start":{"line":16,"column":6},"end":{"line":16,"column":31}},"type":"binary-expr","locations":[{"start":{"line":16,"column":6},"end":{"line":16,"column":10}},{"start":{"line":16,"column":14},"end":{"line":16,"column":31}}],"line":16},"3":{"loc":{"start":{"line":20,"column":2},"end":{"line":22,"column":3}},"type":"if","locations":[{"start":{"line":20,"column":2},"end":{"line":22,"column":3}},{"start":{},"end":{}}],"line":20},"4":{"loc":{"start":{"line":30,"column":32},"end":{"line":30,"column":71}},"type":"if","locations":[{"start":{"line":30,"column":32},"end":{"line":30,"column":71}},{"start":{},"end":{}}],"line":30},"5":{"loc":{"start":{"line":39,"column":72},"end":{"line":39,"column":86}},"type":"binary-expr","locations":[{"start":{"line":39,"column":72},"end":{"line":39,"column":80}},{"start":{"line":39,"column":84},"end":{"line":39,"column":86}}],"line":39},"6":{"loc":{"start":{"line":40,"column":2},"end":{"line":42,"column":3}},"type":"if","locations":[{"start":{"line":40,"column":2},"end":{"line":42,"column":3}},{"start":{},"end":{}}],"line":40},"7":{"loc":{"start":{"line":40,"column":6},"end":{"line":40,"column":41}},"type":"binary-expr","locations":[{"start":{"line":40,"column":6},"end":{"line":40,"column":12}},{"start":{"line":40,"column":16},"end":{"line":40,"column":41}}],"line":40},"8":{"loc":{"start":{"line":43,"column":2},"end":{"line":45,"column":3}},"type":"if","locations":[{"start":{"line":43,"column":2},"end":{"line":45,"column":3}},{"start":{},"end":{}}],"line":43},"9":{"loc":{"start":{"line":43,"column":6},"end":{"line":43,"column":42}},"type":"binary-expr","locations":[{"start":{"line":43,"column":6},"end":{"line":43,"column":14}},{"start":{"line":43,"column":18},"end":{"line":43,"column":42}}],"line":43},"10":{"loc":{"start":{"line":57,"column":20},"end":{"line":57,"column":34}},"type":"binary-expr","locations":[{"start":{"line":57,"column":20},"end":{"line":57,"column":28}},{"start":{"line":57,"column":32},"end":{"line":57,"column":34}}],"line":57},"11":{"loc":{"start":{"line":58,"column":2},"end":{"line":58,"column":73}},"type":"if","locations":[{"start":{"line":58,"column":2},"end":{"line":58,"column":73}},{"start":{},"end":{}}],"line":58}},"s":{"0":0,"1":0,"2":0,"3":0,"4":0,"5":0,"6":0,"7":0,"8":0,"9":0,"10":0,"11":0,"12":0,"13":0,"14":0,"15":0,"16":0,"17":0,"18":0,"19":0,"20":0,"21":0,"22":0,"23":0,"24":0,"25":0,"26":0,"27":0,"28":0,"29":0,"30":0,"31":0,"32":0},"f":{"0":0,"1":0,"2":0,"3":0},"b":{"0":[0,0,0],"1":[0,0],"2":[0,0],"3":[0,0],"4":[0,0],"5":[0,0],"6":[0,0],"7":[0,0],"8":[0,0],"9":[0,0],"10":[0,0],"11":[0,0]},"meta":{"lastBranch":12,"lastFunction":4,"lastStatement":33,"seen":{"s:4:29:4:37":0,"s:8:17:8:19":1,"s:9:23:9:29":2,"s:10:13:10:22":3,"f:12:9:12:18":0,"s:13:13:13:61":4,"b:13:13:13:19:13:23:13:48:13:52:13:61":0,"s:14:14:14:24":5,"s:15:14:15:26":6,"b:16:2:19:3:undefined:undefined:undefined:undefined":1,"s:16:2:19:3":7,"b:16:6:16:10:16:14:16:31":2,"s:17:4:17:62":8,"s:18:4:18:18":9,"b:20:2:22:3:undefined:undefined:undefined:undefined":3,"s:20:2:22:3":10,"s:21:4:21:87":11,"s:23:2:23:14":12,"s:24:2:24:9":13,"s:28:0:31:29":14,"f:28:12:28:13":1,"s:29:14:29:24":15,"s:30:2:30:71":16,"b:30:32:30:71:undefined:undefined:undefined:undefined":4,"s:30:32:30:71":17,"s:30:55:30:71":18,"s:38:0:49:3":19,"f:38:43:38:44":2,"s:39:72:39:86":20,"b:39:72:39:80:39:84:39:86":5,"b:40:2:42:3:undefined:undefined:undefined:undefined":6,"s:40:2:42:3":21,"b:40:6:40:12:40:16:40:41":7,"s:41:4:41:63":22,"b:43:2:45:3:undefined:undefined:undefined:undefined":8,"s:43:2:45:3":23,"b:43:6:43:14:43:18:43:42":9,"s:44:4:44:76":24,"s:47:17:47:92":25,"s:48:2:48:46":26,"s:56:0:61:3":27,"f:56:34:56:35":3,"s:57:20:57:34":28,"b:57:20:57:28:57:32:57:34":10,"b:58:2:58:73:undefined:undefined:undefined:undefined":11,"s:58:2:58:73":29,"s:58:14:58:73":30,"s:59:2:59:22":31,"s:60:2:60:25":32},"fnNames":{}}}
,"C:\\Users\\ауыцфйыкенш\\Documents\\GitHub\\interra\\server\\src\\routes\\events.js": {"path":"C:\\Users\\ауыцфйыкенш\\Documents\\GitHub\\interra\\server\\src\\routes\\events.js","statementMap":{"0":{"start":{"line":4,"column":28},"end":{"line":4,"column":36}},"1":{"start":{"line":12,"column":0},"end":{"line":19,"column":3}},"2":{"start":{"line":13,"column":13},"end":{"line":13,"column":41}},"3":{"start":{"line":14,"column":2},"end":{"line":16,"column":3}},"4":{"start":{"line":15,"column":4},"end":{"line":15,"column":61}},"5":{"start":{"line":17,"column":2},"end":{"line":17,"column":21}},"6":{"start":{"line":18,"column":2},"end":{"line":18,"column":25}}},"fnMap":{"0":{"name":"(anonymous_0)","decl":{"start":{"line":12,"column":29},"end":{"line":12,"column":30}},"loc":{"start":{"line":12,"column":43},"end":{"line":19,"column":1}},"line":12}},"branchMap":{"0":{"loc":{"start":{"line":13,"column":21},"end":{"line":13,"column":35}},"type":"binary-expr","locations":[{"start":{"line":13,"column":21},"end":{"line":13,"column":29}},{"start":{"line":13,"column":33},"end":{"line":13,"column":35}}],"line":13},"1":{"loc":{"start":{"line":14,"column":2},"end":{"line":16,"column":3}},"type":"if","locations":[{"start":{"line":14,"column":2},"end":{"line":16,"column":3}},{"start":{},"end":{}}],"line":14},"2":{"loc":{"start":{"line":14,"column":6},"end":{"line":14,"column":38}},"type":"binary-expr","locations":[{"start":{"line":14,"column":6},"end":{"line":14,"column":27}},{"start":{"line":14,"column":31},"end":{"line":14,"column":38}}],"line":14}},"s":{"0":0,"1":0,"2":0,"3":0,"4":0,"5":0,"6":0},"f":{"0":0},"b":{"0":[0,0],"1":[0,0],"2":[0,0]},"meta":{"lastBranch":3,"lastFunction":1,"lastStatement":7,"seen":{"s:4:28:4:36":0,"s:12:0:19:3":1,"f:12:29:12:30":0,"s:13:13:13:41":2,"b:13:21:13:29:13:33:13:35":0,"b:14:2:16:3:undefined:undefined:undefined:undefined":1,"s:14:2:16:3":3,"b:14:6:14:27:14:31:14:38":2,"s:15:4:15:61":4,"s:17:2:17:21":5,"s:18:2:18:25":6},"fnNames":{}}}
}
